00:28:57.925 - INFO [Shibboleth-Access:73] - 20160127T002857Z|45.49.142.100|idp.example.com:443|/profile/Metadata/SAML|
00:37:40.400 - INFO [Shibboleth-Access:73] - 20160127T003740Z|45.49.142.100|idp.example.com:443|/profile/Metadata/SAML|
00:37:44.982 - INFO [Shibboleth-Access:73] - 20160127T003744Z|45.49.142.100|idp.example.com:443|/profile/Metadata/SAML|
00:39:03.947 - INFO [Shibboleth-Access:73] - 20160127T003903Z|45.49.142.100|idp.example.com:443|/profile/Metadata/SAML|
00:39:53.163 - INFO [Shibboleth-Access:73] - 20160127T003953Z|45.49.142.100|idp.example.com:443|/profile/Metadata/SAML|
05:40:08.420 - INFO [edu.internet2.middleware.shibboleth.common.config.attribute.filtering.ShibbolethAttributeFilteringEngineBeanDefinitionParser:54] - Parsing configuration for attribute filtering engine shibboleth.AttributeFilterEngine
05:40:10.416 - WARN [edu.internet2.middleware.shibboleth.common.config.service.ServletContextAttributeExporter:74] - This service may only be used when services are loaded within a web application context.
05:40:10.433 - INFO [edu.internet2.middleware.shibboleth.common.config.BaseService:158] - Loading new configuration for service shibboleth.AttributeResolver
05:40:10.537 - INFO [edu.internet2.middleware.shibboleth.common.config.attribute.resolver.AbstractResolutionPlugInBeanDefinitionParser:55] - Parsing configuration for PrincipalConnector plugin with ID: shibTransient
05:40:10.545 - INFO [edu.internet2.middleware.shibboleth.common.config.attribute.resolver.AbstractResolutionPlugInBeanDefinitionParser:55] - Parsing configuration for PrincipalConnector plugin with ID: saml1Unspec
05:40:10.546 - INFO [edu.internet2.middleware.shibboleth.common.config.attribute.resolver.AbstractResolutionPlugInBeanDefinitionParser:55] - Parsing configuration for PrincipalConnector plugin with ID: saml2Transient
05:40:10.561 - INFO [edu.internet2.middleware.shibboleth.common.config.attribute.resolver.AbstractResolutionPlugInBeanDefinitionParser:55] - Parsing configuration for DataConnector plugin with ID: myLDAP
05:40:10.577 - INFO [edu.internet2.middleware.shibboleth.common.config.attribute.resolver.AbstractResolutionPlugInBeanDefinitionParser:55] - Parsing configuration for AttributeDefinition plugin with ID: awsRoles
05:40:10.594 - INFO [edu.internet2.middleware.shibboleth.common.config.attribute.resolver.AbstractResolutionPlugInBeanDefinitionParser:55] - Parsing configuration for AttributeDefinition plugin with ID: awsRoleSessionName
05:40:10.595 - INFO [edu.internet2.middleware.shibboleth.common.config.attribute.resolver.AbstractResolutionPlugInBeanDefinitionParser:55] - Parsing configuration for AttributeDefinition plugin with ID: eduPersonAffiliation
05:40:10.596 - INFO [edu.internet2.middleware.shibboleth.common.config.attribute.resolver.AbstractResolutionPlugInBeanDefinitionParser:55] - Parsing configuration for AttributeDefinition plugin with ID: eduPersonEntitlement
05:40:10.597 - INFO [edu.internet2.middleware.shibboleth.common.config.attribute.resolver.AbstractResolutionPlugInBeanDefinitionParser:55] - Parsing configuration for AttributeDefinition plugin with ID: eduPersonNickname
05:40:10.602 - INFO [edu.internet2.middleware.shibboleth.common.config.attribute.resolver.AbstractResolutionPlugInBeanDefinitionParser:55] - Parsing configuration for AttributeDefinition plugin with ID: eduPersonOrgDN
05:40:10.602 - INFO [edu.internet2.middleware.shibboleth.common.config.attribute.resolver.AbstractResolutionPlugInBeanDefinitionParser:55] - Parsing configuration for AttributeDefinition plugin with ID: eduPersonOrgUnitDN
05:40:10.603 - INFO [edu.internet2.middleware.shibboleth.common.config.attribute.resolver.AbstractResolutionPlugInBeanDefinitionParser:55] - Parsing configuration for AttributeDefinition plugin with ID: eduPersonPrimaryAffiliation
05:40:10.604 - INFO [edu.internet2.middleware.shibboleth.common.config.attribute.resolver.AbstractResolutionPlugInBeanDefinitionParser:55] - Parsing configuration for AttributeDefinition plugin with ID: eduPersonPrimaryOrgUnitDN
05:40:10.604 - INFO [edu.internet2.middleware.shibboleth.common.config.attribute.resolver.AbstractResolutionPlugInBeanDefinitionParser:55] - Parsing configuration for AttributeDefinition plugin with ID: eduPersonPrincipalName
05:40:10.613 - INFO [edu.internet2.middleware.shibboleth.common.config.attribute.resolver.AbstractResolutionPlugInBeanDefinitionParser:55] - Parsing configuration for AttributeDefinition plugin with ID: eduPersonScopedAffiliation
05:40:10.617 - INFO [edu.internet2.middleware.shibboleth.common.config.attribute.resolver.AbstractResolutionPlugInBeanDefinitionParser:55] - Parsing configuration for AttributeDefinition plugin with ID: eduPersonAssurance
05:40:10.618 - INFO [edu.internet2.middleware.shibboleth.common.config.attribute.resolver.AbstractResolutionPlugInBeanDefinitionParser:55] - Parsing configuration for AttributeDefinition plugin with ID: transientId
05:40:11.036 - INFO [edu.internet2.middleware.shibboleth.common.config.BaseService:180] - shibboleth.AttributeResolver service loaded new configuration
05:40:11.055 - INFO [edu.internet2.middleware.shibboleth.common.config.BaseService:158] - Loading new configuration for service shibboleth.AttributeFilterEngine
05:40:11.097 - INFO [edu.internet2.middleware.shibboleth.common.config.attribute.filtering.AttributeFilterPolicyBeanDefinitionParser:72] - Parsing configuration for attribute filter policy releaseTransientIdToAnyone
05:40:11.114 - INFO [edu.internet2.middleware.shibboleth.common.config.attribute.filtering.AttributeFilterPolicyBeanDefinitionParser:72] - Parsing configuration for attribute filter policy releaseEduAndAWSToAWS
05:40:11.156 - INFO [edu.internet2.middleware.shibboleth.common.config.BaseService:180] - shibboleth.AttributeFilterEngine service loaded new configuration
05:40:11.161 - INFO [edu.internet2.middleware.shibboleth.common.config.BaseService:158] - Loading new configuration for service shibboleth.SAML1AttributeAuthority
05:40:11.166 - INFO [edu.internet2.middleware.shibboleth.common.config.BaseService:158] - Loading new configuration for service shibboleth.SAML2AttributeAuthority
05:40:11.172 - INFO [edu.internet2.middleware.shibboleth.common.config.BaseService:158] - Loading new configuration for service shibboleth.RelyingPartyConfigurationManager
05:40:11.708 - INFO [edu.internet2.middleware.shibboleth.common.config.relyingparty.RelyingPartyConfigurationBeanDefinitionParser:73] - Parsing configuration for relying party with id: anonymous
05:40:11.709 - INFO [edu.internet2.middleware.shibboleth.common.config.relyingparty.RelyingPartyConfigurationBeanDefinitionParser:73] - Parsing configuration for relying party with id: default
05:40:11.718 - INFO [edu.internet2.middleware.shibboleth.common.config.relyingparty.RelyingPartyConfigurationBeanDefinitionParser:73] - Parsing configuration for relying party with id: urn:amazon:webservices
05:40:11.727 - INFO [edu.internet2.middleware.shibboleth.common.config.security.AbstractX509CredentialBeanDefinitionParser:63] - Parsing configuration for X509Filesystem credential with id: IdPCredential
05:40:11.939 - INFO [edu.internet2.middleware.shibboleth.common.config.security.ChainingSignatureTrustEngineBeanDefinitionParser:59] - Parsing configuration for SignatureChaining trust engine with id: shibboleth.SignatureTrustEngine
05:40:11.939 - INFO [edu.internet2.middleware.shibboleth.common.config.security.MetadataExplicitKeySignatureTrustEngineBeanDefinitionParser:50] - Parsing configuration for MetadataExplicitKeySignature trust engine with id: shibboleth.SignatureMetadataExplicitKeyTrustEngine
05:40:11.940 - INFO [edu.internet2.middleware.shibboleth.common.config.security.MetadataPKIXSignatureTrustEngineBeanDefinitionParser:52] - Parsing configuration for MetadataPKIXSignature trust engine with id: shibboleth.SignatureMetadataPKIXTrustEngine
05:40:11.940 - INFO [edu.internet2.middleware.shibboleth.common.config.security.ChainingTrustEngineBeanDefinitionParser:59] - Parsing configuration for Chaining trust engine with id: shibboleth.CredentialTrustEngine
05:40:11.941 - INFO [edu.internet2.middleware.shibboleth.common.config.security.MetadataExplicitKeyTrustEngineBeanDefinitionParser:48] - Parsing configuration for MetadataExplicitKey trust engine with id: shibboleth.CredentialMetadataExplictKeyTrustEngine
05:40:11.946 - INFO [edu.internet2.middleware.shibboleth.common.config.security.MetadataPKIXX509CredentialTrustEngineBeanDefinitionParser:52] - Parsing configuration for MetadataPKIXX509Credential trust engine with id: shibboleth.CredentialMetadataPKIXTrustEngine
05:40:11.946 - INFO [edu.internet2.middleware.shibboleth.common.config.security.ShibbolethSecurityPolicyBeanDefinitionParser:59] - Parsing configuration for SecurityPolicyType security policy with id: shibboleth.ShibbolethSSOSecurityPolicy
05:40:11.954 - INFO [edu.internet2.middleware.shibboleth.common.config.security.ShibbolethSecurityPolicyBeanDefinitionParser:59] - Parsing configuration for SecurityPolicyType security policy with id: shibboleth.SAML1AttributeQuerySecurityPolicy
05:40:11.962 - INFO [edu.internet2.middleware.shibboleth.common.config.security.ShibbolethSecurityPolicyBeanDefinitionParser:59] - Parsing configuration for SecurityPolicyType security policy with id: shibboleth.SAML1ArtifactResolutionSecurityPolicy
05:40:11.963 - INFO [edu.internet2.middleware.shibboleth.common.config.security.ShibbolethSecurityPolicyBeanDefinitionParser:59] - Parsing configuration for SecurityPolicyType security policy with id: shibboleth.SAML2SSOSecurityPolicy
05:40:11.968 - INFO [edu.internet2.middleware.shibboleth.common.config.security.ShibbolethSecurityPolicyBeanDefinitionParser:59] - Parsing configuration for SecurityPolicyType security policy with id: shibboleth.SAML2AttributeQuerySecurityPolicy
05:40:11.969 - INFO [edu.internet2.middleware.shibboleth.common.config.security.ShibbolethSecurityPolicyBeanDefinitionParser:59] - Parsing configuration for SecurityPolicyType security policy with id: shibboleth.SAML2ArtifactResolutionSecurityPolicy
05:40:11.970 - INFO [edu.internet2.middleware.shibboleth.common.config.security.ShibbolethSecurityPolicyBeanDefinitionParser:59] - Parsing configuration for SecurityPolicyType security policy with id: shibboleth.SAML2SLOSecurityPolicy
05:40:12.100 - ERROR [edu.internet2.middleware.shibboleth.common.config.BaseService:188] - Configuration was not loaded for shibboleth.RelyingPartyConfigurationManager service, error creating components.  The root cause of this error was: java.net.URISyntaxException: Illegal character in path at index 42: https://signin.aws.amazon.com/static/saml- metadata.xml
05:42:00.224 - INFO [edu.internet2.middleware.shibboleth.common.config.attribute.filtering.ShibbolethAttributeFilteringEngineBeanDefinitionParser:54] - Parsing configuration for attribute filtering engine shibboleth.AttributeFilterEngine
05:42:02.118 - WARN [edu.internet2.middleware.shibboleth.common.config.service.ServletContextAttributeExporter:74] - This service may only be used when services are loaded within a web application context.
05:42:02.139 - INFO [edu.internet2.middleware.shibboleth.common.config.BaseService:158] - Loading new configuration for service shibboleth.AttributeResolver
05:42:02.258 - INFO [edu.internet2.middleware.shibboleth.common.config.attribute.resolver.AbstractResolutionPlugInBeanDefinitionParser:55] - Parsing configuration for PrincipalConnector plugin with ID: shibTransient
05:42:02.258 - INFO [edu.internet2.middleware.shibboleth.common.config.attribute.resolver.AbstractResolutionPlugInBeanDefinitionParser:55] - Parsing configuration for PrincipalConnector plugin with ID: saml1Unspec
05:42:02.258 - INFO [edu.internet2.middleware.shibboleth.common.config.attribute.resolver.AbstractResolutionPlugInBeanDefinitionParser:55] - Parsing configuration for PrincipalConnector plugin with ID: saml2Transient
05:42:02.276 - INFO [edu.internet2.middleware.shibboleth.common.config.attribute.resolver.AbstractResolutionPlugInBeanDefinitionParser:55] - Parsing configuration for DataConnector plugin with ID: myLDAP
05:42:02.297 - INFO [edu.internet2.middleware.shibboleth.common.config.attribute.resolver.AbstractResolutionPlugInBeanDefinitionParser:55] - Parsing configuration for AttributeDefinition plugin with ID: awsRoles
05:42:02.324 - INFO [edu.internet2.middleware.shibboleth.common.config.attribute.resolver.AbstractResolutionPlugInBeanDefinitionParser:55] - Parsing configuration for AttributeDefinition plugin with ID: awsRoleSessionName
05:42:02.325 - INFO [edu.internet2.middleware.shibboleth.common.config.attribute.resolver.AbstractResolutionPlugInBeanDefinitionParser:55] - Parsing configuration for AttributeDefinition plugin with ID: eduPersonAffiliation
05:42:02.326 - INFO [edu.internet2.middleware.shibboleth.common.config.attribute.resolver.AbstractResolutionPlugInBeanDefinitionParser:55] - Parsing configuration for AttributeDefinition plugin with ID: eduPersonEntitlement
05:42:02.327 - INFO [edu.internet2.middleware.shibboleth.common.config.attribute.resolver.AbstractResolutionPlugInBeanDefinitionParser:55] - Parsing configuration for AttributeDefinition plugin with ID: eduPersonNickname
05:42:02.337 - INFO [edu.internet2.middleware.shibboleth.common.config.attribute.resolver.AbstractResolutionPlugInBeanDefinitionParser:55] - Parsing configuration for AttributeDefinition plugin with ID: eduPersonOrgDN
05:42:02.338 - INFO [edu.internet2.middleware.shibboleth.common.config.attribute.resolver.AbstractResolutionPlugInBeanDefinitionParser:55] - Parsing configuration for AttributeDefinition plugin with ID: eduPersonOrgUnitDN
05:42:02.339 - INFO [edu.internet2.middleware.shibboleth.common.config.attribute.resolver.AbstractResolutionPlugInBeanDefinitionParser:55] - Parsing configuration for AttributeDefinition plugin with ID: eduPersonPrimaryAffiliation
05:42:02.340 - INFO [edu.internet2.middleware.shibboleth.common.config.attribute.resolver.AbstractResolutionPlugInBeanDefinitionParser:55] - Parsing configuration for AttributeDefinition plugin with ID: eduPersonPrimaryOrgUnitDN
05:42:02.341 - INFO [edu.internet2.middleware.shibboleth.common.config.attribute.resolver.AbstractResolutionPlugInBeanDefinitionParser:55] - Parsing configuration for AttributeDefinition plugin with ID: eduPersonPrincipalName
05:42:02.351 - INFO [edu.internet2.middleware.shibboleth.common.config.attribute.resolver.AbstractResolutionPlugInBeanDefinitionParser:55] - Parsing configuration for AttributeDefinition plugin with ID: eduPersonScopedAffiliation
05:42:02.351 - INFO [edu.internet2.middleware.shibboleth.common.config.attribute.resolver.AbstractResolutionPlugInBeanDefinitionParser:55] - Parsing configuration for AttributeDefinition plugin with ID: eduPersonAssurance
05:42:02.352 - INFO [edu.internet2.middleware.shibboleth.common.config.attribute.resolver.AbstractResolutionPlugInBeanDefinitionParser:55] - Parsing configuration for AttributeDefinition plugin with ID: transientId
05:42:02.966 - INFO [edu.internet2.middleware.shibboleth.common.config.BaseService:180] - shibboleth.AttributeResolver service loaded new configuration
05:42:02.997 - INFO [edu.internet2.middleware.shibboleth.common.config.BaseService:158] - Loading new configuration for service shibboleth.AttributeFilterEngine
05:42:03.055 - INFO [edu.internet2.middleware.shibboleth.common.config.attribute.filtering.AttributeFilterPolicyBeanDefinitionParser:72] - Parsing configuration for attribute filter policy releaseTransientIdToAnyone
05:42:03.077 - INFO [edu.internet2.middleware.shibboleth.common.config.attribute.filtering.AttributeFilterPolicyBeanDefinitionParser:72] - Parsing configuration for attribute filter policy releaseEduAndAWSToAWS
05:42:03.124 - INFO [edu.internet2.middleware.shibboleth.common.config.BaseService:180] - shibboleth.AttributeFilterEngine service loaded new configuration
05:42:03.130 - INFO [edu.internet2.middleware.shibboleth.common.config.BaseService:158] - Loading new configuration for service shibboleth.SAML1AttributeAuthority
05:42:03.136 - INFO [edu.internet2.middleware.shibboleth.common.config.BaseService:158] - Loading new configuration for service shibboleth.SAML2AttributeAuthority
05:42:03.143 - INFO [edu.internet2.middleware.shibboleth.common.config.BaseService:158] - Loading new configuration for service shibboleth.RelyingPartyConfigurationManager
05:42:03.751 - INFO [edu.internet2.middleware.shibboleth.common.config.relyingparty.RelyingPartyConfigurationBeanDefinitionParser:73] - Parsing configuration for relying party with id: anonymous
05:42:03.751 - INFO [edu.internet2.middleware.shibboleth.common.config.relyingparty.RelyingPartyConfigurationBeanDefinitionParser:73] - Parsing configuration for relying party with id: default
05:42:03.810 - INFO [edu.internet2.middleware.shibboleth.common.config.relyingparty.RelyingPartyConfigurationBeanDefinitionParser:73] - Parsing configuration for relying party with id: urn:amazon:webservices
05:42:03.819 - INFO [edu.internet2.middleware.shibboleth.common.config.security.AbstractX509CredentialBeanDefinitionParser:63] - Parsing configuration for X509Filesystem credential with id: IdPCredential
05:42:04.016 - INFO [edu.internet2.middleware.shibboleth.common.config.security.ChainingSignatureTrustEngineBeanDefinitionParser:59] - Parsing configuration for SignatureChaining trust engine with id: shibboleth.SignatureTrustEngine
05:42:04.017 - INFO [edu.internet2.middleware.shibboleth.common.config.security.MetadataExplicitKeySignatureTrustEngineBeanDefinitionParser:50] - Parsing configuration for MetadataExplicitKeySignature trust engine with id: shibboleth.SignatureMetadataExplicitKeyTrustEngine
05:42:04.018 - INFO [edu.internet2.middleware.shibboleth.common.config.security.MetadataPKIXSignatureTrustEngineBeanDefinitionParser:52] - Parsing configuration for MetadataPKIXSignature trust engine with id: shibboleth.SignatureMetadataPKIXTrustEngine
05:42:04.019 - INFO [edu.internet2.middleware.shibboleth.common.config.security.ChainingTrustEngineBeanDefinitionParser:59] - Parsing configuration for Chaining trust engine with id: shibboleth.CredentialTrustEngine
05:42:04.019 - INFO [edu.internet2.middleware.shibboleth.common.config.security.MetadataExplicitKeyTrustEngineBeanDefinitionParser:48] - Parsing configuration for MetadataExplicitKey trust engine with id: shibboleth.CredentialMetadataExplictKeyTrustEngine
05:42:04.026 - INFO [edu.internet2.middleware.shibboleth.common.config.security.MetadataPKIXX509CredentialTrustEngineBeanDefinitionParser:52] - Parsing configuration for MetadataPKIXX509Credential trust engine with id: shibboleth.CredentialMetadataPKIXTrustEngine
05:42:04.026 - INFO [edu.internet2.middleware.shibboleth.common.config.security.ShibbolethSecurityPolicyBeanDefinitionParser:59] - Parsing configuration for SecurityPolicyType security policy with id: shibboleth.ShibbolethSSOSecurityPolicy
05:42:04.034 - INFO [edu.internet2.middleware.shibboleth.common.config.security.ShibbolethSecurityPolicyBeanDefinitionParser:59] - Parsing configuration for SecurityPolicyType security policy with id: shibboleth.SAML1AttributeQuerySecurityPolicy
05:42:04.038 - INFO [edu.internet2.middleware.shibboleth.common.config.security.ShibbolethSecurityPolicyBeanDefinitionParser:59] - Parsing configuration for SecurityPolicyType security policy with id: shibboleth.SAML1ArtifactResolutionSecurityPolicy
05:42:04.042 - INFO [edu.internet2.middleware.shibboleth.common.config.security.ShibbolethSecurityPolicyBeanDefinitionParser:59] - Parsing configuration for SecurityPolicyType security policy with id: shibboleth.SAML2SSOSecurityPolicy
05:42:04.045 - INFO [edu.internet2.middleware.shibboleth.common.config.security.ShibbolethSecurityPolicyBeanDefinitionParser:59] - Parsing configuration for SecurityPolicyType security policy with id: shibboleth.SAML2AttributeQuerySecurityPolicy
05:42:04.046 - INFO [edu.internet2.middleware.shibboleth.common.config.security.ShibbolethSecurityPolicyBeanDefinitionParser:59] - Parsing configuration for SecurityPolicyType security policy with id: shibboleth.SAML2ArtifactResolutionSecurityPolicy
05:42:04.050 - INFO [edu.internet2.middleware.shibboleth.common.config.security.ShibbolethSecurityPolicyBeanDefinitionParser:59] - Parsing configuration for SecurityPolicyType security policy with id: shibboleth.SAML2SLOSecurityPolicy
05:42:05.074 - INFO [edu.internet2.middleware.shibboleth.common.config.BaseService:180] - shibboleth.RelyingPartyConfigurationManager service loaded new configuration
05:42:05.086 - INFO [edu.internet2.middleware.shibboleth.common.config.BaseService:158] - Loading new configuration for service shibboleth.HandlerManager
05:42:05.109 - INFO [edu.internet2.middleware.shibboleth.common.config.profile.JSPErrorHandlerBeanDefinitionParser:46] - Parsing configuration for JSP error handler.
05:42:05.110 - INFO [edu.internet2.middleware.shibboleth.common.config.profile.AbstractRequestURIMappedProfileHandlerBeanDefinitionParser:43] - Parsing configuration for profile handler: Status
05:42:05.110 - INFO [edu.internet2.middleware.shibboleth.common.config.profile.AbstractRequestURIMappedProfileHandlerBeanDefinitionParser:43] - Parsing configuration for profile handler: SAMLMetadata
05:42:05.113 - INFO [edu.internet2.middleware.shibboleth.common.config.profile.AbstractRequestURIMappedProfileHandlerBeanDefinitionParser:43] - Parsing configuration for profile handler: ShibbolethSSO
05:42:05.117 - INFO [edu.internet2.middleware.shibboleth.common.config.profile.AbstractRequestURIMappedProfileHandlerBeanDefinitionParser:43] - Parsing configuration for profile handler: SAML1AttributeQuery
05:42:05.117 - INFO [edu.internet2.middleware.shibboleth.common.config.profile.AbstractRequestURIMappedProfileHandlerBeanDefinitionParser:43] - Parsing configuration for profile handler: SAML1ArtifactResolution
05:42:05.123 - INFO [edu.internet2.middleware.shibboleth.common.config.profile.AbstractRequestURIMappedProfileHandlerBeanDefinitionParser:43] - Parsing configuration for profile handler: SAML2SSO
05:42:05.123 - INFO [edu.internet2.middleware.shibboleth.common.config.profile.AbstractRequestURIMappedProfileHandlerBeanDefinitionParser:43] - Parsing configuration for profile handler: SAML2SSO
05:42:05.123 - INFO [edu.internet2.middleware.shibboleth.common.config.profile.AbstractRequestURIMappedProfileHandlerBeanDefinitionParser:43] - Parsing configuration for profile handler: SAML2SSO
05:42:05.123 - INFO [edu.internet2.middleware.shibboleth.common.config.profile.AbstractRequestURIMappedProfileHandlerBeanDefinitionParser:43] - Parsing configuration for profile handler: SAML2SSO
05:42:05.124 - INFO [edu.internet2.middleware.shibboleth.common.config.profile.AbstractRequestURIMappedProfileHandlerBeanDefinitionParser:43] - Parsing configuration for profile handler: SAML2ECP
05:42:05.125 - INFO [edu.internet2.middleware.shibboleth.common.config.profile.AbstractRequestURIMappedProfileHandlerBeanDefinitionParser:43] - Parsing configuration for profile handler: SAML2SLO
05:42:05.126 - INFO [edu.internet2.middleware.shibboleth.common.config.profile.AbstractRequestURIMappedProfileHandlerBeanDefinitionParser:43] - Parsing configuration for profile handler: SAML2SLO
05:42:05.126 - INFO [edu.internet2.middleware.shibboleth.common.config.profile.AbstractRequestURIMappedProfileHandlerBeanDefinitionParser:43] - Parsing configuration for profile handler: SAML2SLO
05:42:05.126 - INFO [edu.internet2.middleware.shibboleth.common.config.profile.AbstractRequestURIMappedProfileHandlerBeanDefinitionParser:43] - Parsing configuration for profile handler: SAML2SLO
05:42:05.126 - INFO [edu.internet2.middleware.shibboleth.common.config.profile.AbstractRequestURIMappedProfileHandlerBeanDefinitionParser:43] - Parsing configuration for profile handler: SAML2SLO
05:42:05.127 - INFO [edu.internet2.middleware.shibboleth.common.config.profile.AbstractRequestURIMappedProfileHandlerBeanDefinitionParser:43] - Parsing configuration for profile handler: SAML2AttributeQuery
05:42:05.128 - INFO [edu.internet2.middleware.shibboleth.common.config.profile.AbstractRequestURIMappedProfileHandlerBeanDefinitionParser:43] - Parsing configuration for profile handler: SAML2ArtifactResolution
05:42:05.419 - INFO [edu.internet2.middleware.shibboleth.common.config.BaseService:180] - shibboleth.HandlerManager service loaded new configuration
05:42:05.419 - WARN [edu.internet2.middleware.shibboleth.common.config.service.ServletContextAttributeExporter:74] - This service may only be used when services are loaded within a web application context.
05:42:49.447 - INFO [edu.internet2.middleware.shibboleth.common.config.BaseService:158] - Loading new configuration for service shibboleth.AttributeResolver
05:42:49.535 - INFO [edu.internet2.middleware.shibboleth.common.config.attribute.resolver.AbstractResolutionPlugInBeanDefinitionParser:55] - Parsing configuration for PrincipalConnector plugin with ID: shibTransient
05:42:49.535 - INFO [edu.internet2.middleware.shibboleth.common.config.attribute.resolver.AbstractResolutionPlugInBeanDefinitionParser:55] - Parsing configuration for PrincipalConnector plugin with ID: saml1Unspec
05:42:49.535 - INFO [edu.internet2.middleware.shibboleth.common.config.attribute.resolver.AbstractResolutionPlugInBeanDefinitionParser:55] - Parsing configuration for PrincipalConnector plugin with ID: saml2Transient
05:42:49.548 - INFO [edu.internet2.middleware.shibboleth.common.config.attribute.resolver.AbstractResolutionPlugInBeanDefinitionParser:55] - Parsing configuration for DataConnector plugin with ID: myLDAP
05:42:49.560 - INFO [edu.internet2.middleware.shibboleth.common.config.attribute.resolver.AbstractResolutionPlugInBeanDefinitionParser:55] - Parsing configuration for AttributeDefinition plugin with ID: awsRoles
05:42:49.567 - INFO [edu.internet2.middleware.shibboleth.common.config.attribute.resolver.AbstractResolutionPlugInBeanDefinitionParser:55] - Parsing configuration for AttributeDefinition plugin with ID: awsRoleSessionName
05:42:49.568 - INFO [edu.internet2.middleware.shibboleth.common.config.attribute.resolver.AbstractResolutionPlugInBeanDefinitionParser:55] - Parsing configuration for AttributeDefinition plugin with ID: eduPersonAffiliation
05:42:49.569 - INFO [edu.internet2.middleware.shibboleth.common.config.attribute.resolver.AbstractResolutionPlugInBeanDefinitionParser:55] - Parsing configuration for AttributeDefinition plugin with ID: eduPersonEntitlement
05:42:49.570 - INFO [edu.internet2.middleware.shibboleth.common.config.attribute.resolver.AbstractResolutionPlugInBeanDefinitionParser:55] - Parsing configuration for AttributeDefinition plugin with ID: eduPersonNickname
05:42:49.570 - INFO [edu.internet2.middleware.shibboleth.common.config.attribute.resolver.AbstractResolutionPlugInBeanDefinitionParser:55] - Parsing configuration for AttributeDefinition plugin with ID: eduPersonOrgDN
05:42:49.571 - INFO [edu.internet2.middleware.shibboleth.common.config.attribute.resolver.AbstractResolutionPlugInBeanDefinitionParser:55] - Parsing configuration for AttributeDefinition plugin with ID: eduPersonOrgUnitDN
05:42:49.571 - INFO [edu.internet2.middleware.shibboleth.common.config.attribute.resolver.AbstractResolutionPlugInBeanDefinitionParser:55] - Parsing configuration for AttributeDefinition plugin with ID: eduPersonPrimaryAffiliation
05:42:49.572 - INFO [edu.internet2.middleware.shibboleth.common.config.attribute.resolver.AbstractResolutionPlugInBeanDefinitionParser:55] - Parsing configuration for AttributeDefinition plugin with ID: eduPersonPrimaryOrgUnitDN
05:42:49.573 - INFO [edu.internet2.middleware.shibboleth.common.config.attribute.resolver.AbstractResolutionPlugInBeanDefinitionParser:55] - Parsing configuration for AttributeDefinition plugin with ID: eduPersonPrincipalName
05:42:49.574 - INFO [edu.internet2.middleware.shibboleth.common.config.attribute.resolver.AbstractResolutionPlugInBeanDefinitionParser:55] - Parsing configuration for AttributeDefinition plugin with ID: eduPersonScopedAffiliation
05:42:49.575 - INFO [edu.internet2.middleware.shibboleth.common.config.attribute.resolver.AbstractResolutionPlugInBeanDefinitionParser:55] - Parsing configuration for AttributeDefinition plugin with ID: eduPersonAssurance
05:42:49.576 - INFO [edu.internet2.middleware.shibboleth.common.config.attribute.resolver.AbstractResolutionPlugInBeanDefinitionParser:55] - Parsing configuration for AttributeDefinition plugin with ID: transientId
05:42:49.914 - INFO [edu.internet2.middleware.shibboleth.common.config.BaseService:180] - shibboleth.AttributeResolver service loaded new configuration
05:42:49.938 - INFO [edu.internet2.middleware.shibboleth.common.config.BaseService:158] - Loading new configuration for service shibboleth.AttributeFilterEngine
05:42:49.975 - INFO [edu.internet2.middleware.shibboleth.common.config.attribute.filtering.AttributeFilterPolicyBeanDefinitionParser:72] - Parsing configuration for attribute filter policy releaseTransientIdToAnyone
05:42:50.007 - INFO [edu.internet2.middleware.shibboleth.common.config.attribute.filtering.AttributeFilterPolicyBeanDefinitionParser:72] - Parsing configuration for attribute filter policy releaseEduAndAWSToAWS
05:42:50.054 - INFO [edu.internet2.middleware.shibboleth.common.config.BaseService:180] - shibboleth.AttributeFilterEngine service loaded new configuration
05:42:50.059 - INFO [edu.internet2.middleware.shibboleth.common.config.BaseService:158] - Loading new configuration for service shibboleth.SAML1AttributeAuthority
05:42:50.064 - INFO [edu.internet2.middleware.shibboleth.common.config.BaseService:158] - Loading new configuration for service shibboleth.SAML2AttributeAuthority
05:42:50.069 - INFO [edu.internet2.middleware.shibboleth.common.config.BaseService:158] - Loading new configuration for service shibboleth.RelyingPartyConfigurationManager
05:42:50.246 - INFO [edu.internet2.middleware.shibboleth.common.config.relyingparty.RelyingPartyConfigurationBeanDefinitionParser:73] - Parsing configuration for relying party with id: anonymous
05:42:50.247 - INFO [edu.internet2.middleware.shibboleth.common.config.relyingparty.RelyingPartyConfigurationBeanDefinitionParser:73] - Parsing configuration for relying party with id: default
05:42:50.256 - INFO [edu.internet2.middleware.shibboleth.common.config.relyingparty.RelyingPartyConfigurationBeanDefinitionParser:73] - Parsing configuration for relying party with id: urn:amazon:webservices
05:42:50.265 - INFO [edu.internet2.middleware.shibboleth.common.config.security.AbstractX509CredentialBeanDefinitionParser:63] - Parsing configuration for X509Filesystem credential with id: IdPCredential
05:42:50.431 - INFO [edu.internet2.middleware.shibboleth.common.config.security.ChainingSignatureTrustEngineBeanDefinitionParser:59] - Parsing configuration for SignatureChaining trust engine with id: shibboleth.SignatureTrustEngine
05:42:50.432 - INFO [edu.internet2.middleware.shibboleth.common.config.security.MetadataExplicitKeySignatureTrustEngineBeanDefinitionParser:50] - Parsing configuration for MetadataExplicitKeySignature trust engine with id: shibboleth.SignatureMetadataExplicitKeyTrustEngine
05:42:50.432 - INFO [edu.internet2.middleware.shibboleth.common.config.security.MetadataPKIXSignatureTrustEngineBeanDefinitionParser:52] - Parsing configuration for MetadataPKIXSignature trust engine with id: shibboleth.SignatureMetadataPKIXTrustEngine
05:42:50.433 - INFO [edu.internet2.middleware.shibboleth.common.config.security.ChainingTrustEngineBeanDefinitionParser:59] - Parsing configuration for Chaining trust engine with id: shibboleth.CredentialTrustEngine
05:42:50.433 - INFO [edu.internet2.middleware.shibboleth.common.config.security.MetadataExplicitKeyTrustEngineBeanDefinitionParser:48] - Parsing configuration for MetadataExplicitKey trust engine with id: shibboleth.CredentialMetadataExplictKeyTrustEngine
05:42:50.438 - INFO [edu.internet2.middleware.shibboleth.common.config.security.MetadataPKIXX509CredentialTrustEngineBeanDefinitionParser:52] - Parsing configuration for MetadataPKIXX509Credential trust engine with id: shibboleth.CredentialMetadataPKIXTrustEngine
05:42:50.438 - INFO [edu.internet2.middleware.shibboleth.common.config.security.ShibbolethSecurityPolicyBeanDefinitionParser:59] - Parsing configuration for SecurityPolicyType security policy with id: shibboleth.ShibbolethSSOSecurityPolicy
05:42:50.446 - INFO [edu.internet2.middleware.shibboleth.common.config.security.ShibbolethSecurityPolicyBeanDefinitionParser:59] - Parsing configuration for SecurityPolicyType security policy with id: shibboleth.SAML1AttributeQuerySecurityPolicy
05:42:50.453 - INFO [edu.internet2.middleware.shibboleth.common.config.security.ShibbolethSecurityPolicyBeanDefinitionParser:59] - Parsing configuration for SecurityPolicyType security policy with id: shibboleth.SAML1ArtifactResolutionSecurityPolicy
05:42:50.454 - INFO [edu.internet2.middleware.shibboleth.common.config.security.ShibbolethSecurityPolicyBeanDefinitionParser:59] - Parsing configuration for SecurityPolicyType security policy with id: shibboleth.SAML2SSOSecurityPolicy
05:42:50.457 - INFO [edu.internet2.middleware.shibboleth.common.config.security.ShibbolethSecurityPolicyBeanDefinitionParser:59] - Parsing configuration for SecurityPolicyType security policy with id: shibboleth.SAML2AttributeQuerySecurityPolicy
05:42:50.458 - INFO [edu.internet2.middleware.shibboleth.common.config.security.ShibbolethSecurityPolicyBeanDefinitionParser:59] - Parsing configuration for SecurityPolicyType security policy with id: shibboleth.SAML2ArtifactResolutionSecurityPolicy
05:42:50.460 - INFO [edu.internet2.middleware.shibboleth.common.config.security.ShibbolethSecurityPolicyBeanDefinitionParser:59] - Parsing configuration for SecurityPolicyType security policy with id: shibboleth.SAML2SLOSecurityPolicy
05:42:51.258 - INFO [edu.internet2.middleware.shibboleth.common.config.BaseService:180] - shibboleth.RelyingPartyConfigurationManager service loaded new configuration
05:42:51.264 - INFO [edu.internet2.middleware.shibboleth.common.config.BaseService:158] - Loading new configuration for service shibboleth.HandlerManager
05:42:51.292 - INFO [edu.internet2.middleware.shibboleth.common.config.profile.JSPErrorHandlerBeanDefinitionParser:46] - Parsing configuration for JSP error handler.
05:42:51.293 - INFO [edu.internet2.middleware.shibboleth.common.config.profile.AbstractRequestURIMappedProfileHandlerBeanDefinitionParser:43] - Parsing configuration for profile handler: Status
05:42:51.298 - INFO [edu.internet2.middleware.shibboleth.common.config.profile.AbstractRequestURIMappedProfileHandlerBeanDefinitionParser:43] - Parsing configuration for profile handler: SAMLMetadata
05:42:51.300 - INFO [edu.internet2.middleware.shibboleth.common.config.profile.AbstractRequestURIMappedProfileHandlerBeanDefinitionParser:43] - Parsing configuration for profile handler: ShibbolethSSO
05:42:51.301 - INFO [edu.internet2.middleware.shibboleth.common.config.profile.AbstractRequestURIMappedProfileHandlerBeanDefinitionParser:43] - Parsing configuration for profile handler: SAML1AttributeQuery
05:42:51.306 - INFO [edu.internet2.middleware.shibboleth.common.config.profile.AbstractRequestURIMappedProfileHandlerBeanDefinitionParser:43] - Parsing configuration for profile handler: SAML1ArtifactResolution
05:42:51.308 - INFO [edu.internet2.middleware.shibboleth.common.config.profile.AbstractRequestURIMappedProfileHandlerBeanDefinitionParser:43] - Parsing configuration for profile handler: SAML2SSO
05:42:51.308 - INFO [edu.internet2.middleware.shibboleth.common.config.profile.AbstractRequestURIMappedProfileHandlerBeanDefinitionParser:43] - Parsing configuration for profile handler: SAML2SSO
05:42:51.308 - INFO [edu.internet2.middleware.shibboleth.common.config.profile.AbstractRequestURIMappedProfileHandlerBeanDefinitionParser:43] - Parsing configuration for profile handler: SAML2SSO
05:42:51.309 - INFO [edu.internet2.middleware.shibboleth.common.config.profile.AbstractRequestURIMappedProfileHandlerBeanDefinitionParser:43] - Parsing configuration for profile handler: SAML2SSO
05:42:51.314 - INFO [edu.internet2.middleware.shibboleth.common.config.profile.AbstractRequestURIMappedProfileHandlerBeanDefinitionParser:43] - Parsing configuration for profile handler: SAML2ECP
05:42:51.315 - INFO [edu.internet2.middleware.shibboleth.common.config.profile.AbstractRequestURIMappedProfileHandlerBeanDefinitionParser:43] - Parsing configuration for profile handler: SAML2SLO
05:42:51.315 - INFO [edu.internet2.middleware.shibboleth.common.config.profile.AbstractRequestURIMappedProfileHandlerBeanDefinitionParser:43] - Parsing configuration for profile handler: SAML2SLO
05:42:51.315 - INFO [edu.internet2.middleware.shibboleth.common.config.profile.AbstractRequestURIMappedProfileHandlerBeanDefinitionParser:43] - Parsing configuration for profile handler: SAML2SLO
05:42:51.316 - INFO [edu.internet2.middleware.shibboleth.common.config.profile.AbstractRequestURIMappedProfileHandlerBeanDefinitionParser:43] - Parsing configuration for profile handler: SAML2SLO
05:42:51.316 - INFO [edu.internet2.middleware.shibboleth.common.config.profile.AbstractRequestURIMappedProfileHandlerBeanDefinitionParser:43] - Parsing configuration for profile handler: SAML2SLO
05:42:51.317 - INFO [edu.internet2.middleware.shibboleth.common.config.profile.AbstractRequestURIMappedProfileHandlerBeanDefinitionParser:43] - Parsing configuration for profile handler: SAML2AttributeQuery
05:42:51.321 - INFO [edu.internet2.middleware.shibboleth.common.config.profile.AbstractRequestURIMappedProfileHandlerBeanDefinitionParser:43] - Parsing configuration for profile handler: SAML2ArtifactResolution
05:42:51.588 - INFO [edu.internet2.middleware.shibboleth.common.config.BaseService:180] - shibboleth.HandlerManager service loaded new configuration
05:43:34.464 - INFO [Shibboleth-Access:73] - 20160127T054334Z|45.49.142.100|idp.example.com:443|/profile/SAML2/Unsolicited/SSO|
